2025-11-16 05:26:02,095 - advancedchecker - INFO - SOCKS proxy support is available
2025-11-16 05:26:09,740 - advancedchecker - INFO - SOCKS proxy support is available
2025-11-16 05:26:09,740 - advancedchecker - WARNING - Selenium not available - some features may be limited
2025-11-16 05:26:09,740 - advancedchecker - INFO - Found site-specific configuration for ihg.com
2025-11-16 05:26:09,740 - advancedchecker - INFO - Trying known working URL: https://www.ihg.com/rewardsclub/us/en/sign-in
2025-11-16 05:26:09,744 - advancedchecker - ERROR - Error accessing main page https://www.ihg.com: HTTPSConnectionPool(host='www.ihg.com', port=443): Max retries exceeded with url: / (Caused by NameResolutionError("<urllib3.connection.HTTPSConnection object at 0x7f59d0383230>: Failed to resolve 'www.ihg.com' ([Errno -5] No address associated with hostname)"))
2025-11-16 05:26:09,744 - advancedchecker - INFO - Analyzed site https://www.ihg.com: method=unknown, username_field=email, password_field=password, captcha_present=False
2025-11-16 05:26:09,744 - advancedchecker - INFO - Found site-specific configuration for flyfrontier.com
2025-11-16 05:26:09,744 - advancedchecker - INFO - Trying known working URL: https://www.flyfrontier.com/login
2025-11-16 05:26:09,747 - advancedchecker - ERROR - Error accessing main page https://www.flyfrontier.com: HTTPSConnectionPool(host='www.flyfrontier.com', port=443): Max retries exceeded with url: / (Caused by NameResolutionError("<urllib3.connection.HTTPSConnection object at 0x7f59d0383d70>: Failed to resolve 'www.flyfrontier.com' ([Errno -5] No address associated with hostname)"))
2025-11-16 05:26:09,747 - advancedchecker - INFO - Analyzed site https://www.flyfrontier.com: method=unknown, username_field=email, password_field=password, captcha_present=False
2025-11-16 05:26:09,747 - advancedchecker - INFO - Found site-specific configuration for accor.com
2025-11-16 05:26:09,747 - advancedchecker - INFO - Trying known working URL: https://all.accor.com/account/login
2025-11-16 05:26:09,749 - advancedchecker - ERROR - Error accessing main page https://all.accor.com: HTTPSConnectionPool(host='all.accor.com', port=443): Max retries exceeded with url: / (Caused by NameResolutionError("<urllib3.connection.HTTPSConnection object at 0x7f59d03a8950>: Failed to resolve 'all.accor.com' ([Errno -5] No address associated with hostname)"))
2025-11-16 05:26:09,749 - advancedchecker - INFO - Analyzed site https://all.accor.com: method=unknown, username_field=email, password_field=password, captcha_present=False
2025-11-16 05:26:09,750 - advancedchecker - INFO - Found site-specific configuration for virginmediao2.co.uk
2025-11-16 05:26:09,750 - advancedchecker - INFO - Trying known working URL: https://www.o2.co.uk/login
2025-11-16 05:26:09,752 - advancedchecker - ERROR - Error accessing main page https://www.virginmediao2.co.uk: HTTPSConnectionPool(host='www.virginmediao2.co.uk', port=443): Max retries exceeded with url: / (Caused by NameResolutionError("<urllib3.connection.HTTPSConnection object at 0x7f59d0382ea0>: Failed to resolve 'www.virginmediao2.co.uk' ([Errno -5] No address associated with hostname)"))
2025-11-16 05:26:09,752 - advancedchecker - INFO - Analyzed site https://www.virginmediao2.co.uk: method=unknown, username_field=email, password_field=password, captcha_present=False
2025-11-16 05:26:09,752 - advancedchecker - INFO - Found site-specific configuration for sky.com
2025-11-16 05:26:09,752 - advancedchecker - INFO - Trying known working URL: https://www.sky.com/signin
2025-11-16 05:26:09,755 - advancedchecker - ERROR - Error accessing main page https://www.sky.com: HTTPSConnectionPool(host='www.sky.com', port=443): Max retries exceeded with url: / (Caused by NameResolutionError("<urllib3.connection.HTTPSConnection object at 0x7f59d03a8ce0>: Failed to resolve 'www.sky.com' ([Errno -5] No address associated with hostname)"))
2025-11-16 05:26:09,755 - advancedchecker - INFO - Analyzed site https://www.sky.com: method=unknown, username_field=email, password_field=password, captcha_present=False
